2024-03-03 07:46:28 [background-preinit] INFO  o.h.validator.internal.util.Version - HV000001: Hibernate Validator 8.0.1.Final
2024-03-03 07:46:29 [main] INFO  c.m.demo.config.server.ConfigServer - Starting ConfigServer v0.0.1-SNAPSHOT using Java 21.0.2 with PID 1 (/workspace/BOOT-INF/classes started by cnb in /workspace)
2024-03-03 07:46:29 [main] INFO  c.m.demo.config.server.ConfigServer - No active profile set, falling back to 1 default profile: "default"
2024-03-03 07:46:38 [main] INFO  o.s.cloud.context.scope.GenericScope - BeanFactory id=7b372d01-c8f2-376f-8f36-30e28e2f9671
2024-03-03 07:46:40 [main] INFO  o.s.b.w.e.tomcat.TomcatWebServer - Tomcat initialized with port 8888 (http)
2024-03-03 07:46:40 [main] INFO  o.a.coyote.http11.Http11NioProtocol - Initializing ProtocolHandler ["http-nio-8888"]
2024-03-03 07:46:40 [main] INFO  o.a.catalina.core.StandardService - Starting service [Tomcat]
2024-03-03 07:46:40 [main] INFO  o.a.catalina.core.StandardEngine - Starting Servlet engine: [Apache Tomcat/10.1.18]
2024-03-03 07:46:41 [main] INFO  o.a.c.c.C.[Tomcat].[localhost].[/] - Initializing Spring embedded WebApplicationContext
2024-03-03 07:46:41 [main] INFO  o.s.b.w.s.c.ServletWebServerApplicationContext - Root WebApplicationContext: initialization completed in 10366 ms
2024-03-03 07:46:45 [main] INFO  o.s.s.web.DefaultSecurityFilterChain - Will secure any request with [org.springframework.security.web.session.DisableEncodeUrlFilter@6c075e9d, org.springframework.security.web.context.request.async.WebAsyncManagerIntegrationFilter@47044f7d, org.springframework.security.web.context.SecurityContextHolderFilter@357c9bd9, org.springframework.security.web.header.HeaderWriterFilter@217dc48e, org.springframework.web.filter.CorsFilter@7b14c61, org.springframework.security.web.authentication.logout.LogoutFilter@43a4a9e5, org.springframework.security.web.authentication.www.BasicAuthenticationFilter@7f8a9454, org.springframework.security.web.savedrequest.RequestCacheAwareFilter@6d0290d8, org.springframework.security.web.servletapi.SecurityContextHolderAwareRequestFilter@32507479, org.springframework.security.web.authentication.AnonymousAuthenticationFilter@8fcc534, org.springframework.security.web.access.ExceptionTranslationFilter@64021427, org.springframework.security.web.access.intercept.AuthorizationFilter@5c313224]
2024-03-03 07:47:02 [main] INFO  o.a.coyote.http11.Http11NioProtocol - Starting ProtocolHandler ["http-nio-8888"]
2024-03-03 07:47:02 [main] INFO  o.s.b.w.e.tomcat.TomcatWebServer - Tomcat started on port 8888 (http) with context path ''
2024-03-03 07:47:02 [main] INFO  c.m.demo.config.server.ConfigServer - Started ConfigServer in 37.146 seconds (process running for 44.905)
2024-03-03 07:53:20 [background-preinit] INFO  o.h.validator.internal.util.Version - HV000001: Hibernate Validator 8.0.1.Final
2024-03-03 07:53:21 [main] INFO  c.m.demo.config.server.ConfigServer - Starting ConfigServer v0.0.1-SNAPSHOT using Java 21.0.2 with PID 1 (/workspace/BOOT-INF/classes started by cnb in /workspace)
2024-03-03 07:53:21 [main] INFO  c.m.demo.config.server.ConfigServer - No active profile set, falling back to 1 default profile: "default"
2024-03-03 07:53:30 [main] INFO  o.s.cloud.context.scope.GenericScope - BeanFactory id=7b372d01-c8f2-376f-8f36-30e28e2f9671
2024-03-03 07:53:32 [main] INFO  o.s.b.w.e.tomcat.TomcatWebServer - Tomcat initialized with port 8888 (http)
2024-03-03 07:53:32 [main] INFO  o.s.b.w.s.c.ServletWebServerApplicationContext - Root WebApplicationContext: initialization completed in 10692 ms
2024-03-03 07:56:51 [background-preinit] INFO  o.h.validator.internal.util.Version - HV000001: Hibernate Validator 8.0.1.Final
2024-03-03 07:56:53 [main] INFO  c.m.demo.config.server.ConfigServer - Starting ConfigServer v0.0.1-SNAPSHOT using Java 21.0.2 with PID 1 (/workspace/BOOT-INF/classes started by cnb in /workspace)
2024-03-03 07:56:53 [main] INFO  c.m.demo.config.server.ConfigServer - No active profile set, falling back to 1 default profile: "default"
2024-03-03 07:57:04 [main] INFO  o.s.cloud.context.scope.GenericScope - BeanFactory id=7b372d01-c8f2-376f-8f36-30e28e2f9671
2024-03-03 07:57:06 [main] INFO  o.s.b.w.e.tomcat.TomcatWebServer - Tomcat initialized with port 8888 (http)
2024-03-03 07:57:06 [main] INFO  o.a.coyote.http11.Http11NioProtocol - Initializing ProtocolHandler ["http-nio-8888"]
2024-03-03 07:57:06 [main] INFO  o.a.catalina.core.StandardService - Starting service [Tomcat]
2024-03-03 07:57:06 [main] INFO  o.a.catalina.core.StandardEngine - Starting Servlet engine: [Apache Tomcat/10.1.18]
2024-03-03 07:57:06 [main] INFO  o.a.c.c.C.[Tomcat].[localhost].[/] - Initializing Spring embedded WebApplicationContext
2024-03-03 07:57:06 [main] INFO  o.s.b.w.s.c.ServletWebServerApplicationContext - Root WebApplicationContext: initialization completed in 12299 ms
2024-03-03 07:57:11 [main] INFO  o.s.s.web.DefaultSecurityFilterChain - Will secure any request with [org.springframework.security.web.session.DisableEncodeUrlFilter@3b4086c1, org.springframework.security.web.context.request.async.WebAsyncManagerIntegrationFilter@58aa1d72, org.springframework.security.web.context.SecurityContextHolderFilter@6a98f353, org.springframework.security.web.header.HeaderWriterFilter@2dd63e3, org.springframework.web.filter.CorsFilter@33d7765a, org.springframework.security.web.authentication.logout.LogoutFilter@14b275bd, org.springframework.security.web.authentication.www.BasicAuthenticationFilter@58a765ce, org.springframework.security.web.savedrequest.RequestCacheAwareFilter@1e00bfe2, org.springframework.security.web.servletapi.SecurityContextHolderAwareRequestFilter@4702e7a5, org.springframework.security.web.authentication.AnonymousAuthenticationFilter@69ed5ea2, org.springframework.security.web.access.ExceptionTranslationFilter@4ae2e781, org.springframework.security.web.access.intercept.AuthorizationFilter@5ec6fede]
2024-03-03 07:57:30 [main] INFO  o.a.coyote.http11.Http11NioProtocol - Starting ProtocolHandler ["http-nio-8888"]
2024-03-03 07:57:30 [main] INFO  o.s.b.w.e.tomcat.TomcatWebServer - Tomcat started on port 8888 (http) with context path ''
2024-03-03 07:57:30 [main] INFO  c.m.demo.config.server.ConfigServer - Started ConfigServer in 44.08 seconds (process running for 54.216)
2024-03-03 08:02:02 [background-preinit] INFO  o.h.validator.internal.util.Version - HV000001: Hibernate Validator 8.0.1.Final
2024-03-03 08:02:03 [main] INFO  c.m.demo.config.server.ConfigServer - Starting ConfigServer v0.0.1-SNAPSHOT using Java 21.0.2 with PID 1 (/workspace/BOOT-INF/classes started by cnb in /workspace)
2024-03-03 08:02:04 [main] INFO  c.m.demo.config.server.ConfigServer - No active profile set, falling back to 1 default profile: "default"
2024-03-03 08:02:14 [main] INFO  o.s.cloud.context.scope.GenericScope - BeanFactory id=7b372d01-c8f2-376f-8f36-30e28e2f9671
2024-03-03 08:02:16 [main] INFO  o.s.b.w.e.tomcat.TomcatWebServer - Tomcat initialized with port 8888 (http)
2024-03-03 08:02:17 [main] INFO  o.a.coyote.http11.Http11NioProtocol - Initializing ProtocolHandler ["http-nio-8888"]
2024-03-03 08:02:17 [main] INFO  o.a.catalina.core.StandardService - Starting service [Tomcat]
2024-03-03 08:02:17 [main] INFO  o.a.catalina.core.StandardEngine - Starting Servlet engine: [Apache Tomcat/10.1.18]
2024-03-03 08:02:17 [main] INFO  o.a.c.c.C.[Tomcat].[localhost].[/] - Initializing Spring embedded WebApplicationContext
2024-03-03 08:02:17 [main] INFO  o.s.b.w.s.c.ServletWebServerApplicationContext - Root WebApplicationContext: initialization completed in 12199 ms
2024-03-03 08:02:22 [main] INFO  o.s.s.web.DefaultSecurityFilterChain - Will secure any request with [org.springframework.security.web.session.DisableEncodeUrlFilter@1f129467, org.springframework.security.web.context.request.async.WebAsyncManagerIntegrationFilter@646cd766, org.springframework.security.web.context.SecurityContextHolderFilter@3a3b10f4, org.springframework.security.web.header.HeaderWriterFilter@13cc0b90, org.springframework.web.filter.CorsFilter@57151b3a, org.springframework.security.web.authentication.logout.LogoutFilter@7f8a9454, org.springframework.security.web.authentication.www.BasicAuthenticationFilter@3c28e5b6, org.springframework.security.web.savedrequest.RequestCacheAwareFilter@525647f3, org.springframework.security.web.servletapi.SecurityContextHolderAwareRequestFilter@42fc4ac4, org.springframework.security.web.authentication.AnonymousAuthenticationFilter@26457986, org.springframework.security.web.access.ExceptionTranslationFilter@5d9618f2, org.springframework.security.web.access.intercept.AuthorizationFilter@58aa1d72]
2024-03-03 08:02:39 [main] INFO  o.a.coyote.http11.Http11NioProtocol - Starting ProtocolHandler ["http-nio-8888"]
2024-03-03 08:02:39 [main] INFO  o.s.b.w.e.tomcat.TomcatWebServer - Tomcat started on port 8888 (http) with context path ''
2024-03-03 08:02:40 [main] INFO  c.m.demo.config.server.ConfigServer - Started ConfigServer in 42.755 seconds (process running for 53.281)
2024-03-03 08:15:40 [background-preinit] INFO  o.h.validator.internal.util.Version - HV000001: Hibernate Validator 8.0.1.Final
2024-03-03 08:15:42 [main] INFO  c.m.demo.config.server.ConfigServer - Starting ConfigServer v0.0.1-SNAPSHOT using Java 21.0.2 with PID 1 (/workspace/BOOT-INF/classes started by cnb in /workspace)
2024-03-03 08:15:42 [main] INFO  c.m.demo.config.server.ConfigServer - No active profile set, falling back to 1 default profile: "default"
2024-03-03 08:15:51 [main] INFO  o.s.cloud.context.scope.GenericScope - BeanFactory id=7b372d01-c8f2-376f-8f36-30e28e2f9671
2024-03-03 08:15:53 [main] INFO  o.s.b.w.e.tomcat.TomcatWebServer - Tomcat initialized with port 8888 (http)
2024-03-03 08:15:53 [main] INFO  o.a.coyote.http11.Http11NioProtocol - Initializing ProtocolHandler ["http-nio-8888"]
2024-03-03 08:15:53 [main] INFO  o.a.catalina.core.StandardService - Starting service [Tomcat]
2024-03-03 08:15:53 [main] INFO  o.a.catalina.core.StandardEngine - Starting Servlet engine: [Apache Tomcat/10.1.18]
2024-03-03 08:15:54 [main] INFO  o.a.c.c.C.[Tomcat].[localhost].[/] - Initializing Spring embedded WebApplicationContext
2024-03-03 08:15:54 [main] INFO  o.s.b.w.s.c.ServletWebServerApplicationContext - Root WebApplicationContext: initialization completed in 10754 ms
2024-03-03 08:15:59 [main] INFO  o.s.s.web.DefaultSecurityFilterChain - Will secure any request with [org.springframework.security.web.session.DisableEncodeUrlFilter@5eed6dfb, org.springframework.security.web.context.request.async.WebAsyncManagerIntegrationFilter@5600a5da, org.springframework.security.web.context.SecurityContextHolderFilter@73bb1337, org.springframework.security.web.header.HeaderWriterFilter@1e00bfe2, org.springframework.web.filter.CorsFilter@551be9f6, org.springframework.security.web.authentication.logout.LogoutFilter@1e1e837d, org.springframework.security.web.authentication.www.BasicAuthenticationFilter@33d7765a, org.springframework.security.web.savedrequest.RequestCacheAwareFilter@3830b06c, org.springframework.security.web.servletapi.SecurityContextHolderAwareRequestFilter@3e28d779, org.springframework.security.web.authentication.AnonymousAuthenticationFilter@269222ae, org.springframework.security.web.access.ExceptionTranslationFilter@6a98f353, org.springframework.security.web.access.intercept.AuthorizationFilter@6f85ee02]
2024-03-03 08:16:17 [main] INFO  o.a.coyote.http11.Http11NioProtocol - Starting ProtocolHandler ["http-nio-8888"]
2024-03-03 08:16:17 [main] INFO  o.s.b.w.e.tomcat.TomcatWebServer - Tomcat started on port 8888 (http) with context path ''
2024-03-03 08:16:17 [main] INFO  c.m.demo.config.server.ConfigServer - Started ConfigServer in 42.909 seconds (process running for 54.139)
2024-03-03 08:22:43 [background-preinit] INFO  o.h.validator.internal.util.Version - HV000001: Hibernate Validator 8.0.1.Final
2024-03-03 08:22:45 [main] INFO  c.m.demo.config.server.ConfigServer - Starting ConfigServer v0.0.1-SNAPSHOT using Java 21.0.2 with PID 1 (/workspace/BOOT-INF/classes started by cnb in /workspace)
2024-03-03 08:22:45 [main] INFO  c.m.demo.config.server.ConfigServer - No active profile set, falling back to 1 default profile: "default"
2024-03-03 08:22:56 [main] INFO  o.s.cloud.context.scope.GenericScope - BeanFactory id=7b372d01-c8f2-376f-8f36-30e28e2f9671
2024-03-03 08:22:58 [main] INFO  o.s.b.w.e.tomcat.TomcatWebServer - Tomcat initialized with port 8888 (http)
2024-03-03 08:22:59 [main] INFO  o.a.coyote.http11.Http11NioProtocol - Initializing ProtocolHandler ["http-nio-8888"]
2024-03-03 08:22:59 [main] INFO  o.a.catalina.core.StandardService - Starting service [Tomcat]
2024-03-03 08:22:59 [main] INFO  o.a.catalina.core.StandardEngine - Starting Servlet engine: [Apache Tomcat/10.1.18]
2024-03-03 08:22:59 [main] INFO  o.a.c.c.C.[Tomcat].[localhost].[/] - Initializing Spring embedded WebApplicationContext
2024-03-03 08:22:59 [main] INFO  o.s.b.w.s.c.ServletWebServerApplicationContext - Root WebApplicationContext: initialization completed in 12322 ms
2024-03-03 08:23:03 [main] INFO  o.s.s.web.DefaultSecurityFilterChain - Will secure any request with [org.springframework.security.web.session.DisableEncodeUrlFilter@5eed6dfb, org.springframework.security.web.context.request.async.WebAsyncManagerIntegrationFilter@5600a5da, org.springframework.security.web.context.SecurityContextHolderFilter@73bb1337, org.springframework.security.web.header.HeaderWriterFilter@1e00bfe2, org.springframework.web.filter.CorsFilter@551be9f6, org.springframework.security.web.authentication.logout.LogoutFilter@1e1e837d, org.springframework.security.web.authentication.www.BasicAuthenticationFilter@33d7765a, org.springframework.security.web.savedrequest.RequestCacheAwareFilter@3830b06c, org.springframework.security.web.servletapi.SecurityContextHolderAwareRequestFilter@3e28d779, org.springframework.security.web.authentication.AnonymousAuthenticationFilter@269222ae, org.springframework.security.web.access.ExceptionTranslationFilter@6a98f353, org.springframework.security.web.access.intercept.AuthorizationFilter@6f85ee02]
2024-03-03 08:23:21 [main] INFO  o.a.coyote.http11.Http11NioProtocol - Starting ProtocolHandler ["http-nio-8888"]
2024-03-03 08:23:21 [main] INFO  o.s.b.w.e.tomcat.TomcatWebServer - Tomcat started on port 8888 (http) with context path ''
2024-03-03 08:23:21 [main] INFO  c.m.demo.config.server.ConfigServer - Started ConfigServer in 43.24 seconds (process running for 53.462)
2024-03-03 08:35:13 [background-preinit] INFO  o.h.validator.internal.util.Version - HV000001: Hibernate Validator 8.0.1.Final
2024-03-03 08:35:14 [main] INFO  c.m.demo.config.server.ConfigServer - Starting ConfigServer v0.0.1-SNAPSHOT using Java 21.0.2 with PID 1 (/workspace/BOOT-INF/classes started by cnb in /workspace)
2024-03-03 08:35:14 [main] INFO  c.m.demo.config.server.ConfigServer - No active profile set, falling back to 1 default profile: "default"
2024-03-03 08:35:24 [main] INFO  o.s.cloud.context.scope.GenericScope - BeanFactory id=7b372d01-c8f2-376f-8f36-30e28e2f9671
2024-03-03 08:35:26 [main] INFO  o.s.b.w.e.tomcat.TomcatWebServer - Tomcat initialized with port 8888 (http)
2024-03-03 08:35:26 [main] INFO  o.a.coyote.http11.Http11NioProtocol - Initializing ProtocolHandler ["http-nio-8888"]
2024-03-03 08:35:26 [main] INFO  o.a.catalina.core.StandardService - Starting service [Tomcat]
2024-03-03 08:35:26 [main] INFO  o.a.catalina.core.StandardEngine - Starting Servlet engine: [Apache Tomcat/10.1.18]
2024-03-03 08:35:27 [main] INFO  o.a.c.c.C.[Tomcat].[localhost].[/] - Initializing Spring embedded WebApplicationContext
2024-03-03 08:35:27 [main] INFO  o.s.b.w.s.c.ServletWebServerApplicationContext - Root WebApplicationContext: initialization completed in 11650 ms
2024-03-03 08:35:31 [main] INFO  o.s.s.web.DefaultSecurityFilterChain - Will secure any request with [org.springframework.security.web.session.DisableEncodeUrlFilter@5e599100, org.springframework.security.web.context.request.async.WebAsyncManagerIntegrationFilter@3b435211, org.springframework.security.web.context.SecurityContextHolderFilter@632383b9, org.springframework.security.web.header.HeaderWriterFilter@7aea704c, org.springframework.web.filter.CorsFilter@361cd35c, org.springframework.security.web.authentication.logout.LogoutFilter@11df2829, org.springframework.security.web.authentication.www.BasicAuthenticationFilter@47044f7d, org.springframework.security.web.savedrequest.RequestCacheAwareFilter@339f3a55, org.springframework.security.web.servletapi.SecurityContextHolderAwareRequestFilter@2dd63e3, org.springframework.security.web.authentication.AnonymousAuthenticationFilter@58a765ce, org.springframework.security.web.access.ExceptionTranslationFilter@296edc75, org.springframework.security.web.access.intercept.AuthorizationFilter@8840c98]
2024-03-03 08:35:48 [main] INFO  o.a.coyote.http11.Http11NioProtocol - Starting ProtocolHandler ["http-nio-8888"]
2024-03-03 08:35:48 [main] INFO  o.s.b.w.e.tomcat.TomcatWebServer - Tomcat started on port 8888 (http) with context path ''
2024-03-03 08:35:49 [main] INFO  c.m.demo.config.server.ConfigServer - Started ConfigServer in 39.481 seconds (process running for 48.967)
2024-03-03 08:38:43 [background-preinit] INFO  o.h.validator.internal.util.Version - HV000001: Hibernate Validator 8.0.1.Final
2024-03-03 08:38:44 [main] INFO  c.m.demo.config.server.ConfigServer - Starting ConfigServer v0.0.1-SNAPSHOT using Java 21.0.2 with PID 1 (/workspace/BOOT-INF/classes started by cnb in /workspace)
2024-03-03 08:38:44 [main] INFO  c.m.demo.config.server.ConfigServer - No active profile set, falling back to 1 default profile: "default"
2024-03-03 08:38:54 [main] INFO  o.s.cloud.context.scope.GenericScope - BeanFactory id=7b372d01-c8f2-376f-8f36-30e28e2f9671
2024-03-03 08:38:56 [main] INFO  o.s.b.w.e.tomcat.TomcatWebServer - Tomcat initialized with port 8888 (http)
2024-03-03 08:38:56 [main] INFO  o.a.coyote.http11.Http11NioProtocol - Initializing ProtocolHandler ["http-nio-8888"]
2024-03-03 08:38:56 [main] INFO  o.a.catalina.core.StandardService - Starting service [Tomcat]
2024-03-03 08:38:56 [main] INFO  o.a.catalina.core.StandardEngine - Starting Servlet engine: [Apache Tomcat/10.1.18]
2024-03-03 08:38:56 [main] INFO  o.a.c.c.C.[Tomcat].[localhost].[/] - Initializing Spring embedded WebApplicationContext
2024-03-03 08:38:56 [main] INFO  o.s.b.w.s.c.ServletWebServerApplicationContext - Root WebApplicationContext: initialization completed in 11100 ms
2024-03-03 08:39:01 [main] INFO  o.s.s.web.DefaultSecurityFilterChain - Will secure any request with [org.springframework.security.web.session.DisableEncodeUrlFilter@5eed6dfb, org.springframework.security.web.context.request.async.WebAsyncManagerIntegrationFilter@5600a5da, org.springframework.security.web.context.SecurityContextHolderFilter@73bb1337, org.springframework.security.web.header.HeaderWriterFilter@1e00bfe2, org.springframework.web.filter.CorsFilter@551be9f6, org.springframework.security.web.authentication.logout.LogoutFilter@1e1e837d, org.springframework.security.web.authentication.www.BasicAuthenticationFilter@33d7765a, org.springframework.security.web.savedrequest.RequestCacheAwareFilter@3830b06c, org.springframework.security.web.servletapi.SecurityContextHolderAwareRequestFilter@3e28d779, org.springframework.security.web.authentication.AnonymousAuthenticationFilter@269222ae, org.springframework.security.web.access.ExceptionTranslationFilter@6a98f353, org.springframework.security.web.access.intercept.AuthorizationFilter@6f85ee02]
2024-03-03 08:39:19 [main] INFO  o.a.coyote.http11.Http11NioProtocol - Starting ProtocolHandler ["http-nio-8888"]
2024-03-03 08:39:19 [main] INFO  o.s.b.w.e.tomcat.TomcatWebServer - Tomcat started on port 8888 (http) with context path ''
2024-03-03 08:39:19 [main] INFO  c.m.demo.config.server.ConfigServer - Started ConfigServer in 41.348 seconds (process running for 52.305)
2024-03-03 09:11:02 [background-preinit] INFO  o.h.validator.internal.util.Version - HV000001: Hibernate Validator 8.0.1.Final
2024-03-03 09:11:04 [main] INFO  c.m.demo.config.server.ConfigServer - Starting ConfigServer v0.0.1-SNAPSHOT using Java 21.0.2 with PID 1 (/workspace/BOOT-INF/classes started by cnb in /workspace)
2024-03-03 09:11:04 [main] INFO  c.m.demo.config.server.ConfigServer - No active profile set, falling back to 1 default profile: "default"
2024-03-03 09:11:13 [main] INFO  o.s.cloud.context.scope.GenericScope - BeanFactory id=7b372d01-c8f2-376f-8f36-30e28e2f9671
2024-03-03 09:11:15 [main] INFO  o.s.b.w.e.tomcat.TomcatWebServer - Tomcat initialized with port 8888 (http)
2024-03-03 09:11:15 [main] INFO  o.a.coyote.http11.Http11NioProtocol - Initializing ProtocolHandler ["http-nio-8888"]
2024-03-03 09:11:15 [main] INFO  o.a.catalina.core.StandardService - Starting service [Tomcat]
2024-03-03 09:11:15 [main] INFO  o.a.catalina.core.StandardEngine - Starting Servlet engine: [Apache Tomcat/10.1.18]
2024-03-03 09:11:16 [main] INFO  o.a.c.c.C.[Tomcat].[localhost].[/] - Initializing Spring embedded WebApplicationContext
2024-03-03 09:11:16 [main] INFO  o.s.b.w.s.c.ServletWebServerApplicationContext - Root WebApplicationContext: initialization completed in 10851 ms
2024-03-03 09:11:20 [main] INFO  o.s.s.web.DefaultSecurityFilterChain - Will secure any request with [org.springframework.security.web.session.DisableEncodeUrlFilter@69ed5ea2, org.springframework.security.web.context.request.async.WebAsyncManagerIntegrationFilter@56a4abd0, org.springframework.security.web.context.SecurityContextHolderFilter@4702e7a5, org.springframework.security.web.header.HeaderWriterFilter@6a98f353, org.springframework.web.filter.CorsFilter@5eed6dfb, org.springframework.security.web.authentication.logout.LogoutFilter@5b29ab61, org.springframework.security.web.authentication.www.BasicAuthenticationFilter@3b4086c1, org.springframework.security.web.savedrequest.RequestCacheAwareFilter@73bb1337, org.springframework.security.web.servletapi.SecurityContextHolderAwareRequestFilter@685f5d0d, org.springframework.security.web.authentication.AnonymousAuthenticationFilter@5600a5da, org.springframework.security.web.access.ExceptionTranslationFilter@7d1c164a, org.springframework.security.web.access.intercept.AuthorizationFilter@1653b84e]
2024-03-03 09:11:46 [main] INFO  o.a.coyote.http11.Http11NioProtocol - Starting ProtocolHandler ["http-nio-8888"]
2024-03-03 09:11:46 [main] INFO  o.s.b.w.e.tomcat.TomcatWebServer - Tomcat started on port 8888 (http) with context path ''
2024-03-03 09:11:46 [main] INFO  c.m.demo.config.server.ConfigServer - Started ConfigServer in 49.727 seconds (process running for 60.167)
2024-03-03 09:21:39 [background-preinit] INFO  o.h.validator.internal.util.Version - HV000001: Hibernate Validator 8.0.1.Final
2024-03-03 09:21:40 [main] INFO  c.m.demo.config.server.ConfigServer - Starting ConfigServer v0.0.1-SNAPSHOT using Java 21.0.2 with PID 1 (/workspace/BOOT-INF/classes started by cnb in /workspace)
2024-03-03 09:21:40 [main] INFO  c.m.demo.config.server.ConfigServer - No active profile set, falling back to 1 default profile: "default"
2024-03-03 09:21:51 [main] INFO  o.s.cloud.context.scope.GenericScope - BeanFactory id=7b372d01-c8f2-376f-8f36-30e28e2f9671
2024-03-03 09:21:53 [main] INFO  o.s.b.w.e.tomcat.TomcatWebServer - Tomcat initialized with port 8888 (http)
2024-03-03 09:21:53 [main] INFO  o.a.coyote.http11.Http11NioProtocol - Initializing ProtocolHandler ["http-nio-8888"]
2024-03-03 09:21:53 [main] INFO  o.a.catalina.core.StandardService - Starting service [Tomcat]
2024-03-03 09:21:53 [main] INFO  o.a.catalina.core.StandardEngine - Starting Servlet engine: [Apache Tomcat/10.1.18]
2024-03-03 09:21:53 [main] INFO  o.a.c.c.C.[Tomcat].[localhost].[/] - Initializing Spring embedded WebApplicationContext
2024-03-03 09:21:53 [main] INFO  o.s.b.w.s.c.ServletWebServerApplicationContext - Root WebApplicationContext: initialization completed in 11935 ms
2024-03-03 09:21:58 [main] INFO  o.s.s.web.DefaultSecurityFilterChain - Will secure any request with [org.springframework.security.web.session.DisableEncodeUrlFilter@46a123e4, org.springframework.security.web.context.request.async.WebAsyncManagerIntegrationFilter@44bc2449, org.springframework.security.web.context.SecurityContextHolderFilter@5d9618f2, org.springframework.security.web.header.HeaderWriterFilter@784d9bc, org.springframework.web.filter.CorsFilter@3c28e5b6, org.springframework.security.web.authentication.logout.LogoutFilter@437c4b25, org.springframework.security.web.authentication.www.BasicAuthenticationFilter@40d848f9, org.springframework.security.web.savedrequest.RequestCacheAwareFilter@13cc0b90, org.springframework.security.web.servletapi.SecurityContextHolderAwareRequestFilter@58687fb7, org.springframework.security.web.authentication.AnonymousAuthenticationFilter@7558c24b, org.springframework.security.web.access.ExceptionTranslationFilter@3e28d779, org.springframework.security.web.access.intercept.AuthorizationFilter@361cd35c]
2024-03-03 09:22:16 [main] INFO  o.a.coyote.http11.Http11NioProtocol - Starting ProtocolHandler ["http-nio-8888"]
2024-03-03 09:22:16 [main] INFO  o.s.b.w.e.tomcat.TomcatWebServer - Tomcat started on port 8888 (http) with context path ''
2024-03-03 09:22:16 [main] INFO  c.m.demo.config.server.ConfigServer - Started ConfigServer in 42.661 seconds (process running for 52.973)
2024-03-03 09:23:56 [background-preinit] INFO  o.h.validator.internal.util.Version - HV000001: Hibernate Validator 8.0.1.Final
2024-03-03 09:23:58 [main] INFO  c.m.demo.config.server.ConfigServer - Starting ConfigServer v0.0.1-SNAPSHOT using Java 21.0.2 with PID 1 (/workspace/BOOT-INF/classes started by cnb in /workspace)
2024-03-03 09:23:58 [main] INFO  c.m.demo.config.server.ConfigServer - No active profile set, falling back to 1 default profile: "default"
2024-03-03 09:24:07 [main] INFO  o.s.cloud.context.scope.GenericScope - BeanFactory id=7b372d01-c8f2-376f-8f36-30e28e2f9671
2024-03-03 09:24:09 [main] INFO  o.s.b.w.e.tomcat.TomcatWebServer - Tomcat initialized with port 8888 (http)
2024-03-03 09:24:09 [main] INFO  o.a.coyote.http11.Http11NioProtocol - Initializing ProtocolHandler ["http-nio-8888"]
2024-03-03 09:24:09 [main] INFO  o.a.catalina.core.StandardService - Starting service [Tomcat]
2024-03-03 09:24:09 [main] INFO  o.a.catalina.core.StandardEngine - Starting Servlet engine: [Apache Tomcat/10.1.18]
2024-03-03 09:24:09 [main] INFO  o.a.c.c.C.[Tomcat].[localhost].[/] - Initializing Spring embedded WebApplicationContext
2024-03-03 09:24:09 [main] INFO  o.s.b.w.s.c.ServletWebServerApplicationContext - Root WebApplicationContext: initialization completed in 10674 ms
2024-03-03 09:24:13 [main] INFO  o.s.s.web.DefaultSecurityFilterChain - Will secure any request with [org.springframework.security.web.session.DisableEncodeUrlFilter@58a765ce, org.springframework.security.web.context.request.async.WebAsyncManagerIntegrationFilter@4a642e4b, org.springframework.security.web.context.SecurityContextHolderFilter@2dd63e3, org.springframework.security.web.header.HeaderWriterFilter@632383b9, org.springframework.web.filter.CorsFilter@6b162ecc, org.springframework.security.web.authentication.logout.LogoutFilter@6af609ea, org.springframework.security.web.authentication.www.BasicAuthenticationFilter@5e599100, org.springframework.security.web.savedrequest.RequestCacheAwareFilter@209f3887, org.springframework.security.web.servletapi.SecurityContextHolderAwareRequestFilter@6a98f353, org.springframework.security.web.authentication.AnonymousAuthenticationFilter@3b4086c1, org.springframework.security.web.access.ExceptionTranslationFilter@6d0290d8, org.springframework.security.web.access.intercept.AuthorizationFilter@527a8665]
2024-03-03 09:24:34 [main] INFO  o.a.coyote.http11.Http11NioProtocol - Starting ProtocolHandler ["http-nio-8888"]
2024-03-03 09:24:34 [main] INFO  o.s.b.w.e.tomcat.TomcatWebServer - Tomcat started on port 8888 (http) with context path ''
2024-03-03 09:24:34 [main] INFO  c.m.demo.config.server.ConfigServer - Started ConfigServer in 43.816 seconds (process running for 54.064)
2024-03-03 09:55:54 [background-preinit] INFO  o.h.validator.internal.util.Version - HV000001: Hibernate Validator 8.0.1.Final
2024-03-03 09:55:55 [main] INFO  c.m.demo.config.server.ConfigServer - Starting ConfigServer v0.0.1-SNAPSHOT using Java 21.0.2 with PID 1 (/workspace/BOOT-INF/classes started by cnb in /workspace)
2024-03-03 09:55:55 [main] INFO  c.m.demo.config.server.ConfigServer - No active profile set, falling back to 1 default profile: "default"
2024-03-03 09:56:05 [main] INFO  o.s.cloud.context.scope.GenericScope - BeanFactory id=7b372d01-c8f2-376f-8f36-30e28e2f9671
2024-03-03 09:56:07 [main] INFO  o.s.b.w.e.tomcat.TomcatWebServer - Tomcat initialized with port 8888 (http)
2024-03-03 09:56:07 [main] INFO  o.a.coyote.http11.Http11NioProtocol - Initializing ProtocolHandler ["http-nio-8888"]
2024-03-03 09:56:07 [main] INFO  o.a.catalina.core.StandardService - Starting service [Tomcat]
2024-03-03 09:56:07 [main] INFO  o.a.catalina.core.StandardEngine - Starting Servlet engine: [Apache Tomcat/10.1.18]
2024-03-03 09:56:07 [main] INFO  o.a.c.c.C.[Tomcat].[localhost].[/] - Initializing Spring embedded WebApplicationContext
2024-03-03 09:56:07 [main] INFO  o.s.b.w.s.c.ServletWebServerApplicationContext - Root WebApplicationContext: initialization completed in 11241 ms
2024-03-03 09:56:12 [main] INFO  o.s.s.web.DefaultSecurityFilterChain - Will secure any request with [org.springframework.security.web.session.DisableEncodeUrlFilter@6b162ecc, org.springframework.security.web.context.request.async.WebAsyncManagerIntegrationFilter@3b4086c1, org.springframework.security.web.context.SecurityContextHolderFilter@209f3887, org.springframework.security.web.header.HeaderWriterFilter@339f3a55, org.springframework.web.filter.CorsFilter@58aa1d72, org.springframework.security.web.authentication.logout.LogoutFilter@39e53bef, org.springframework.security.web.authentication.www.BasicAuthenticationFilter@361cd35c, org.springframework.security.web.savedrequest.RequestCacheAwareFilter@3b35798, org.springframework.security.web.servletapi.SecurityContextHolderAwareRequestFilter@1e00bfe2, org.springframework.security.web.authentication.AnonymousAuthenticationFilter@33d7765a, org.springframework.security.web.access.ExceptionTranslationFilter@632383b9, org.springframework.security.web.access.intercept.AuthorizationFilter@437c4b25]
2024-03-03 09:56:31 [main] INFO  o.a.coyote.http11.Http11NioProtocol - Starting ProtocolHandler ["http-nio-8888"]
2024-03-03 09:56:31 [main] INFO  o.s.b.w.e.tomcat.TomcatWebServer - Tomcat started on port 8888 (http) with context path ''
2024-03-03 09:56:31 [main] INFO  c.m.demo.config.server.ConfigServer - Started ConfigServer in 42.159 seconds (process running for 51.931)
2024-03-03 09:57:15 [background-preinit] INFO  o.h.validator.internal.util.Version - HV000001: Hibernate Validator 8.0.1.Final
2024-03-03 09:57:17 [main] INFO  c.m.demo.config.server.ConfigServer - Starting ConfigServer v0.0.1-SNAPSHOT using Java 21.0.2 with PID 1 (/workspace/BOOT-INF/classes started by cnb in /workspace)
2024-03-03 09:57:17 [main] INFO  c.m.demo.config.server.ConfigServer - No active profile set, falling back to 1 default profile: "default"
2024-03-03 09:57:26 [main] INFO  o.s.cloud.context.scope.GenericScope - BeanFactory id=7b372d01-c8f2-376f-8f36-30e28e2f9671
2024-03-03 09:57:28 [main] INFO  o.s.b.w.e.tomcat.TomcatWebServer - Tomcat initialized with port 8888 (http)
2024-03-03 09:57:28 [main] INFO  o.a.coyote.http11.Http11NioProtocol - Initializing ProtocolHandler ["http-nio-8888"]
2024-03-03 09:57:28 [main] INFO  o.a.catalina.core.StandardService - Starting service [Tomcat]
2024-03-03 09:57:28 [main] INFO  o.a.catalina.core.StandardEngine - Starting Servlet engine: [Apache Tomcat/10.1.18]
2024-03-03 09:57:29 [main] INFO  o.a.c.c.C.[Tomcat].[localhost].[/] - Initializing Spring embedded WebApplicationContext
2024-03-03 09:57:29 [main] INFO  o.s.b.w.s.c.ServletWebServerApplicationContext - Root WebApplicationContext: initialization completed in 10860 ms
2024-03-03 09:57:33 [main] INFO  o.s.s.web.DefaultSecurityFilterChain - Will secure any request with [org.springframework.security.web.session.DisableEncodeUrlFilter@7b14c61, org.springframework.security.web.context.request.async.WebAsyncManagerIntegrationFilter@8fcc534, org.springframework.security.web.context.SecurityContextHolderFilter@6d0290d8, org.springframework.security.web.header.HeaderWriterFilter@296edc75, org.springframework.web.filter.CorsFilter@5e599100, org.springframework.security.web.authentication.logout.LogoutFilter@35145874, org.springframework.security.web.authentication.www.BasicAuthenticationFilter@679d0be8, org.springframework.security.web.savedrequest.RequestCacheAwareFilter@632383b9, org.springframework.security.web.servletapi.SecurityContextHolderAwareRequestFilter@4ae2e781, org.springframework.security.web.authentication.AnonymousAuthenticationFilter@3b435211, org.springframework.security.web.access.ExceptionTranslationFilter@217dc48e, org.springframework.security.web.access.intercept.AuthorizationFilter@4b957db0]
2024-03-03 09:57:52 [main] INFO  o.a.coyote.http11.Http11NioProtocol - Starting ProtocolHandler ["http-nio-8888"]
2024-03-03 09:57:52 [main] INFO  o.s.b.w.e.tomcat.TomcatWebServer - Tomcat started on port 8888 (http) with context path ''
2024-03-03 09:57:52 [main] INFO  c.m.demo.config.server.ConfigServer - Started ConfigServer in 42.151 seconds (process running for 52.93)
2024-03-03 10:14:19 [background-preinit] INFO  o.h.validator.internal.util.Version - HV000001: Hibernate Validator 8.0.1.Final
2024-03-03 10:14:21 [main] INFO  c.m.demo.config.server.ConfigServer - Starting ConfigServer v0.0.1-SNAPSHOT using Java 21.0.2 with PID 1 (/workspace/BOOT-INF/classes started by cnb in /workspace)
2024-03-03 10:14:21 [main] INFO  c.m.demo.config.server.ConfigServer - No active profile set, falling back to 1 default profile: "default"
2024-03-03 10:14:30 [main] INFO  o.s.cloud.context.scope.GenericScope - BeanFactory id=7b372d01-c8f2-376f-8f36-30e28e2f9671
2024-03-03 10:14:32 [main] INFO  o.s.b.w.e.tomcat.TomcatWebServer - Tomcat initialized with port 8888 (http)
2024-03-03 10:14:32 [main] INFO  o.a.coyote.http11.Http11NioProtocol - Initializing ProtocolHandler ["http-nio-8888"]
2024-03-03 10:14:32 [main] INFO  o.a.catalina.core.StandardService - Starting service [Tomcat]
2024-03-03 10:14:32 [main] INFO  o.a.catalina.core.StandardEngine - Starting Servlet engine: [Apache Tomcat/10.1.18]
2024-03-03 10:14:33 [main] INFO  o.a.c.c.C.[Tomcat].[localhost].[/] - Initializing Spring embedded WebApplicationContext
2024-03-03 10:14:33 [main] INFO  o.s.b.w.s.c.ServletWebServerApplicationContext - Root WebApplicationContext: initialization completed in 10928 ms
2024-03-03 10:14:37 [main] INFO  o.s.s.web.DefaultSecurityFilterChain - Will secure any request with [org.springframework.security.web.session.DisableEncodeUrlFilter@6c075e9d, org.springframework.security.web.context.request.async.WebAsyncManagerIntegrationFilter@47044f7d, org.springframework.security.web.context.SecurityContextHolderFilter@357c9bd9, org.springframework.security.web.header.HeaderWriterFilter@217dc48e, org.springframework.web.filter.CorsFilter@7b14c61, org.springframework.security.web.authentication.logout.LogoutFilter@43a4a9e5, org.springframework.security.web.authentication.www.BasicAuthenticationFilter@7f8a9454, org.springframework.security.web.savedrequest.RequestCacheAwareFilter@6d0290d8, org.springframework.security.web.servletapi.SecurityContextHolderAwareRequestFilter@32507479, org.springframework.security.web.authentication.AnonymousAuthenticationFilter@8fcc534, org.springframework.security.web.access.ExceptionTranslationFilter@64021427, org.springframework.security.web.access.intercept.AuthorizationFilter@5c313224]
2024-03-03 10:14:55 [main] INFO  o.a.coyote.http11.Http11NioProtocol - Starting ProtocolHandler ["http-nio-8888"]
2024-03-03 10:14:55 [main] INFO  o.s.b.w.e.tomcat.TomcatWebServer - Tomcat started on port 8888 (http) with context path ''
2024-03-03 10:14:55 [main] INFO  c.m.demo.config.server.ConfigServer - Started ConfigServer in 42.117 seconds (process running for 52.018)
2024-03-03 10:23:05 [background-preinit] INFO  o.h.validator.internal.util.Version - HV000001: Hibernate Validator 8.0.1.Final
2024-03-03 10:23:07 [main] INFO  c.m.demo.config.server.ConfigServer - Starting ConfigServer v0.0.1-SNAPSHOT using Java 21.0.2 with PID 1 (/workspace/BOOT-INF/classes started by cnb in /workspace)
2024-03-03 10:23:07 [main] INFO  c.m.demo.config.server.ConfigServer - No active profile set, falling back to 1 default profile: "default"
2024-03-03 10:23:18 [main] INFO  o.s.cloud.context.scope.GenericScope - BeanFactory id=7b372d01-c8f2-376f-8f36-30e28e2f9671
2024-03-03 10:23:20 [main] INFO  o.s.b.w.e.tomcat.TomcatWebServer - Tomcat initialized with port 8888 (http)
2024-03-03 10:23:20 [main] INFO  o.a.coyote.http11.Http11NioProtocol - Initializing ProtocolHandler ["http-nio-8888"]
2024-03-03 10:23:20 [main] INFO  o.a.catalina.core.StandardService - Starting service [Tomcat]
2024-03-03 10:23:20 [main] INFO  o.a.catalina.core.StandardEngine - Starting Servlet engine: [Apache Tomcat/10.1.18]
2024-03-03 10:23:20 [main] INFO  o.a.c.c.C.[Tomcat].[localhost].[/] - Initializing Spring embedded WebApplicationContext
2024-03-03 10:23:20 [main] INFO  o.s.b.w.s.c.ServletWebServerApplicationContext - Root WebApplicationContext: initialization completed in 12004 ms
2024-03-03 10:23:25 [main] INFO  o.s.s.web.DefaultSecurityFilterChain - Will secure any request with [org.springframework.security.web.session.DisableEncodeUrlFilter@33d7765a, org.springframework.security.web.context.request.async.WebAsyncManagerIntegrationFilter@69ed5ea2, org.springframework.security.web.context.SecurityContextHolderFilter@1e00bfe2, org.springframework.security.web.header.HeaderWriterFilter@209f3887, org.springframework.web.filter.CorsFilter@56a4abd0, org.springframework.security.web.authentication.logout.LogoutFilter@4b03cbad, org.springframework.security.web.authentication.www.BasicAuthenticationFilter@6b162ecc, org.springframework.security.web.savedrequest.RequestCacheAwareFilter@6a2d867d, org.springframework.security.web.servletapi.SecurityContextHolderAwareRequestFilter@73bb1337, org.springframework.security.web.authentication.AnonymousAuthenticationFilter@5eed6dfb, org.springframework.security.web.access.ExceptionTranslationFilter@2dd63e3, org.springframework.security.web.access.intercept.AuthorizationFilter@3757e8e2]
2024-03-03 10:23:43 [main] INFO  o.a.coyote.http11.Http11NioProtocol - Starting ProtocolHandler ["http-nio-8888"]
2024-03-03 10:23:43 [main] INFO  o.s.b.w.e.tomcat.TomcatWebServer - Tomcat started on port 8888 (http) with context path ''
2024-03-03 10:23:43 [main] INFO  c.m.demo.config.server.ConfigServer - Started ConfigServer in 42.916 seconds (process running for 53.485)
2024-03-03 10:31:01 [background-preinit] INFO  o.h.validator.internal.util.Version - HV000001: Hibernate Validator 8.0.1.Final
2024-03-03 10:31:03 [main] INFO  c.m.demo.config.server.ConfigServer - Starting ConfigServer v0.0.1-SNAPSHOT using Java 21.0.2 with PID 1 (/workspace/BOOT-INF/classes started by cnb in /workspace)
2024-03-03 10:31:03 [main] INFO  c.m.demo.config.server.ConfigServer - No active profile set, falling back to 1 default profile: "default"
2024-03-03 10:31:13 [main] INFO  o.s.cloud.context.scope.GenericScope - BeanFactory id=7b372d01-c8f2-376f-8f36-30e28e2f9671
2024-03-03 10:31:15 [main] INFO  o.s.b.w.e.tomcat.TomcatWebServer - Tomcat initialized with port 8888 (http)
2024-03-03 10:31:15 [main] INFO  o.a.coyote.http11.Http11NioProtocol - Initializing ProtocolHandler ["http-nio-8888"]
2024-03-03 10:31:15 [main] INFO  o.a.catalina.core.StandardService - Starting service [Tomcat]
2024-03-03 10:31:16 [main] INFO  o.a.catalina.core.StandardEngine - Starting Servlet engine: [Apache Tomcat/10.1.18]
2024-03-03 10:31:16 [main] INFO  o.a.c.c.C.[Tomcat].[localhost].[/] - Initializing Spring embedded WebApplicationContext
2024-03-03 10:31:16 [main] INFO  o.s.b.w.s.c.ServletWebServerApplicationContext - Root WebApplicationContext: initialization completed in 11865 ms
2024-03-03 10:31:20 [main] INFO  o.s.s.web.DefaultSecurityFilterChain - Will secure any request with [org.springframework.security.web.session.DisableEncodeUrlFilter@33d7765a, org.springframework.security.web.context.request.async.WebAsyncManagerIntegrationFilter@69ed5ea2, org.springframework.security.web.context.SecurityContextHolderFilter@1e00bfe2, org.springframework.security.web.header.HeaderWriterFilter@209f3887, org.springframework.web.filter.CorsFilter@56a4abd0, org.springframework.security.web.authentication.logout.LogoutFilter@4b03cbad, org.springframework.security.web.authentication.www.BasicAuthenticationFilter@6b162ecc, org.springframework.security.web.savedrequest.RequestCacheAwareFilter@6a2d867d, org.springframework.security.web.servletapi.SecurityContextHolderAwareRequestFilter@73bb1337, org.springframework.security.web.authentication.AnonymousAuthenticationFilter@5eed6dfb, org.springframework.security.web.access.ExceptionTranslationFilter@2dd63e3, org.springframework.security.web.access.intercept.AuthorizationFilter@3757e8e2]
2024-03-03 10:31:37 [main] INFO  o.a.coyote.http11.Http11NioProtocol - Starting ProtocolHandler ["http-nio-8888"]
2024-03-03 10:31:38 [main] INFO  o.s.b.w.e.tomcat.TomcatWebServer - Tomcat started on port 8888 (http) with context path ''
2024-03-03 10:31:38 [main] INFO  c.m.demo.config.server.ConfigServer - Started ConfigServer in 41.361 seconds (process running for 52.982)
2024-03-03 10:36:18 [background-preinit] INFO  o.h.validator.internal.util.Version - HV000001: Hibernate Validator 8.0.1.Final
2024-03-03 10:36:20 [main] INFO  c.m.demo.config.server.ConfigServer - Starting ConfigServer v0.0.1-SNAPSHOT using Java 21.0.2 with PID 1 (/workspace/BOOT-INF/classes started by cnb in /workspace)
2024-03-03 10:36:20 [main] INFO  c.m.demo.config.server.ConfigServer - No active profile set, falling back to 1 default profile: "default"
2024-03-03 10:36:30 [main] INFO  o.s.cloud.context.scope.GenericScope - BeanFactory id=7b372d01-c8f2-376f-8f36-30e28e2f9671
2024-03-03 10:36:32 [main] INFO  o.s.b.w.e.tomcat.TomcatWebServer - Tomcat initialized with port 8888 (http)
2024-03-03 10:36:32 [main] INFO  o.a.coyote.http11.Http11NioProtocol - Initializing ProtocolHandler ["http-nio-8888"]
2024-03-03 10:36:32 [main] INFO  o.a.catalina.core.StandardService - Starting service [Tomcat]
2024-03-03 10:36:32 [main] INFO  o.a.catalina.core.StandardEngine - Starting Servlet engine: [Apache Tomcat/10.1.18]
2024-03-03 10:36:33 [main] INFO  o.a.c.c.C.[Tomcat].[localhost].[/] - Initializing Spring embedded WebApplicationContext
2024-03-03 10:36:33 [main] INFO  o.s.b.w.s.c.ServletWebServerApplicationContext - Root WebApplicationContext: initialization completed in 11962 ms
2024-03-03 10:36:38 [main] INFO  o.s.s.web.DefaultSecurityFilterChain - Will secure any request with [org.springframework.security.web.session.DisableEncodeUrlFilter@5eed6dfb, org.springframework.security.web.context.request.async.WebAsyncManagerIntegrationFilter@5600a5da, org.springframework.security.web.context.SecurityContextHolderFilter@73bb1337, org.springframework.security.web.header.HeaderWriterFilter@1e00bfe2, org.springframework.web.filter.CorsFilter@551be9f6, org.springframework.security.web.authentication.logout.LogoutFilter@1e1e837d, org.springframework.security.web.authentication.www.BasicAuthenticationFilter@33d7765a, org.springframework.security.web.savedrequest.RequestCacheAwareFilter@3830b06c, org.springframework.security.web.servletapi.SecurityContextHolderAwareRequestFilter@3e28d779, org.springframework.security.web.authentication.AnonymousAuthenticationFilter@269222ae, org.springframework.security.web.access.ExceptionTranslationFilter@6a98f353, org.springframework.security.web.access.intercept.AuthorizationFilter@6f85ee02]
2024-03-03 10:36:54 [main] INFO  o.a.coyote.http11.Http11NioProtocol - Starting ProtocolHandler ["http-nio-8888"]
2024-03-03 10:36:55 [main] INFO  o.s.b.w.e.tomcat.TomcatWebServer - Tomcat started on port 8888 (http) with context path ''
2024-03-03 10:36:55 [main] INFO  c.m.demo.config.server.ConfigServer - Started ConfigServer in 42.604 seconds (process running for 53.868)
2024-03-03 11:16:45 [background-preinit] INFO  o.h.validator.internal.util.Version - HV000001: Hibernate Validator 8.0.1.Final
2024-03-03 11:16:46 [main] INFO  c.m.demo.config.server.ConfigServer - Starting ConfigServer v0.0.1-SNAPSHOT using Java 21.0.2 with PID 1 (/workspace/BOOT-INF/classes started by cnb in /workspace)
2024-03-03 11:16:46 [main] INFO  c.m.demo.config.server.ConfigServer - No active profile set, falling back to 1 default profile: "default"
2024-03-03 11:16:56 [main] INFO  o.s.cloud.context.scope.GenericScope - BeanFactory id=7b372d01-c8f2-376f-8f36-30e28e2f9671
2024-03-03 11:16:58 [main] INFO  o.s.b.w.e.tomcat.TomcatWebServer - Tomcat initialized with port 8888 (http)
2024-03-03 11:16:58 [main] INFO  o.a.coyote.http11.Http11NioProtocol - Initializing ProtocolHandler ["http-nio-8888"]
2024-03-03 11:16:58 [main] INFO  o.a.catalina.core.StandardService - Starting service [Tomcat]
2024-03-03 11:16:58 [main] INFO  o.a.catalina.core.StandardEngine - Starting Servlet engine: [Apache Tomcat/10.1.18]
2024-03-03 11:16:58 [main] INFO  o.a.c.c.C.[Tomcat].[localhost].[/] - Initializing Spring embedded WebApplicationContext
2024-03-03 11:16:58 [main] INFO  o.s.b.w.s.c.ServletWebServerApplicationContext - Root WebApplicationContext: initialization completed in 11115 ms
2024-03-03 11:17:03 [main] INFO  o.s.s.web.DefaultSecurityFilterChain - Will secure any request with [org.springframework.security.web.session.DisableEncodeUrlFilter@5e599100, org.springframework.security.web.context.request.async.WebAsyncManagerIntegrationFilter@3b435211, org.springframework.security.web.context.SecurityContextHolderFilter@632383b9, org.springframework.security.web.header.HeaderWriterFilter@7aea704c, org.springframework.web.filter.CorsFilter@361cd35c, org.springframework.security.web.authentication.logout.LogoutFilter@11df2829, org.springframework.security.web.authentication.www.BasicAuthenticationFilter@47044f7d, org.springframework.security.web.savedrequest.RequestCacheAwareFilter@339f3a55, org.springframework.security.web.servletapi.SecurityContextHolderAwareRequestFilter@2dd63e3, org.springframework.security.web.authentication.AnonymousAuthenticationFilter@58a765ce, org.springframework.security.web.access.ExceptionTranslationFilter@296edc75, org.springframework.security.web.access.intercept.AuthorizationFilter@8840c98]
2024-03-03 11:17:20 [main] INFO  o.a.coyote.http11.Http11NioProtocol - Starting ProtocolHandler ["http-nio-8888"]
2024-03-03 11:17:21 [main] INFO  o.s.b.w.e.tomcat.TomcatWebServer - Tomcat started on port 8888 (http) with context path ''
2024-03-03 11:17:21 [main] INFO  c.m.demo.config.server.ConfigServer - Started ConfigServer in 39.303 seconds (process running for 44.641)
2024-03-03 11:30:11 [background-preinit] INFO  o.h.validator.internal.util.Version - HV000001: Hibernate Validator 8.0.1.Final
2024-03-03 11:30:12 [main] INFO  c.m.demo.config.server.ConfigServer - Starting ConfigServer v0.0.1-SNAPSHOT using Java 21.0.2 with PID 1 (/workspace/BOOT-INF/classes started by cnb in /workspace)
2024-03-03 11:30:12 [main] INFO  c.m.demo.config.server.ConfigServer - No active profile set, falling back to 1 default profile: "default"
2024-03-03 11:30:22 [main] INFO  o.s.cloud.context.scope.GenericScope - BeanFactory id=7b372d01-c8f2-376f-8f36-30e28e2f9671
2024-03-03 11:30:24 [main] INFO  o.s.b.w.e.tomcat.TomcatWebServer - Tomcat initialized with port 8888 (http)
2024-03-03 11:30:24 [main] INFO  o.a.coyote.http11.Http11NioProtocol - Initializing ProtocolHandler ["http-nio-8888"]
2024-03-03 11:30:24 [main] INFO  o.a.catalina.core.StandardService - Starting service [Tomcat]
2024-03-03 11:30:24 [main] INFO  o.a.catalina.core.StandardEngine - Starting Servlet engine: [Apache Tomcat/10.1.18]
2024-03-03 11:30:24 [main] INFO  o.a.c.c.C.[Tomcat].[localhost].[/] - Initializing Spring embedded WebApplicationContext
2024-03-03 11:30:24 [main] INFO  o.s.b.w.s.c.ServletWebServerApplicationContext - Root WebApplicationContext: initialization completed in 11082 ms
2024-03-03 11:30:29 [main] INFO  o.s.s.web.DefaultSecurityFilterChain - Will secure any request with [org.springframework.security.web.session.DisableEncodeUrlFilter@46a123e4, org.springframework.security.web.context.request.async.WebAsyncManagerIntegrationFilter@44bc2449, org.springframework.security.web.context.SecurityContextHolderFilter@5d9618f2, org.springframework.security.web.header.HeaderWriterFilter@784d9bc, org.springframework.web.filter.CorsFilter@3c28e5b6, org.springframework.security.web.authentication.logout.LogoutFilter@437c4b25, org.springframework.security.web.authentication.www.BasicAuthenticationFilter@40d848f9, org.springframework.security.web.savedrequest.RequestCacheAwareFilter@13cc0b90, org.springframework.security.web.servletapi.SecurityContextHolderAwareRequestFilter@58687fb7, org.springframework.security.web.authentication.AnonymousAuthenticationFilter@7558c24b, org.springframework.security.web.access.ExceptionTranslationFilter@3e28d779, org.springframework.security.web.access.intercept.AuthorizationFilter@361cd35c]
2024-03-03 11:30:47 [main] INFO  o.a.coyote.http11.Http11NioProtocol - Starting ProtocolHandler ["http-nio-8888"]
2024-03-03 11:30:47 [main] INFO  o.s.b.w.e.tomcat.TomcatWebServer - Tomcat started on port 8888 (http) with context path ''
2024-03-03 11:30:47 [main] INFO  c.m.demo.config.server.ConfigServer - Started ConfigServer in 41.158 seconds (process running for 51.77)
2024-03-03 11:56:34 [background-preinit] INFO  o.h.validator.internal.util.Version - HV000001: Hibernate Validator 8.0.1.Final
2024-03-03 11:56:35 [main] INFO  c.m.demo.config.server.ConfigServer - Starting ConfigServer v0.0.1-SNAPSHOT using Java 21.0.2 with PID 1 (/workspace/BOOT-INF/classes started by cnb in /workspace)
2024-03-03 11:56:35 [main] INFO  c.m.demo.config.server.ConfigServer - No active profile set, falling back to 1 default profile: "default"
2024-03-03 11:56:45 [main] INFO  o.s.cloud.context.scope.GenericScope - BeanFactory id=7b372d01-c8f2-376f-8f36-30e28e2f9671
2024-03-03 11:56:47 [main] INFO  o.s.b.w.e.tomcat.TomcatWebServer - Tomcat initialized with port 8888 (http)
2024-03-03 11:56:48 [main] INFO  o.a.coyote.http11.Http11NioProtocol - Initializing ProtocolHandler ["http-nio-8888"]
2024-03-03 11:56:48 [main] INFO  o.a.catalina.core.StandardService - Starting service [Tomcat]
2024-03-03 11:56:48 [main] INFO  o.a.catalina.core.StandardEngine - Starting Servlet engine: [Apache Tomcat/10.1.18]
2024-03-03 11:56:48 [main] INFO  o.a.c.c.C.[Tomcat].[localhost].[/] - Initializing Spring embedded WebApplicationContext
2024-03-03 11:56:48 [main] INFO  o.s.b.w.s.c.ServletWebServerApplicationContext - Root WebApplicationContext: initialization completed in 11351 ms
2024-03-03 11:56:52 [main] INFO  o.s.s.web.DefaultSecurityFilterChain - Will secure any request with [org.springframework.security.web.session.DisableEncodeUrlFilter@3b4086c1, org.springframework.security.web.context.request.async.WebAsyncManagerIntegrationFilter@58aa1d72, org.springframework.security.web.context.SecurityContextHolderFilter@6a98f353, org.springframework.security.web.header.HeaderWriterFilter@2dd63e3, org.springframework.web.filter.CorsFilter@33d7765a, org.springframework.security.web.authentication.logout.LogoutFilter@14b275bd, org.springframework.security.web.authentication.www.BasicAuthenticationFilter@58a765ce, org.springframework.security.web.savedrequest.RequestCacheAwareFilter@1e00bfe2, org.springframework.security.web.servletapi.SecurityContextHolderAwareRequestFilter@4702e7a5, org.springframework.security.web.authentication.AnonymousAuthenticationFilter@69ed5ea2, org.springframework.security.web.access.ExceptionTranslationFilter@4ae2e781, org.springframework.security.web.access.intercept.AuthorizationFilter@5ec6fede]
2024-03-03 11:57:10 [main] INFO  o.a.coyote.http11.Http11NioProtocol - Starting ProtocolHandler ["http-nio-8888"]
2024-03-03 11:57:10 [main] INFO  o.s.b.w.e.tomcat.TomcatWebServer - Tomcat started on port 8888 (http) with context path ''
2024-03-03 11:57:10 [main] INFO  c.m.demo.config.server.ConfigServer - Started ConfigServer in 41.845 seconds (process running for 51.87)
